<?xml version="1.0" encoding="UTF-8"?>
<!-- Generated by org.testng.reporters.JUnitReportReporter -->
<testsuite hostname="Focus-India-SIT" name="mypackage.NewTest" tests="1" failures="0" timestamp="3 Apr 2015 09:50:47 GMT" time="0.007" errors="0">
  <testcase name="f" time="0.007" classname="mypackage.NewTest"/>
</testsuite> <!-- mypackage.NewTest -->
